0 info it worked if it ends with ok
1 verbose cli [ '/usr/bin/node', '/usr/bin/npm', 'install', '-g', 'yo' ]
2 info using npm@1.4.28
3 info using node@v0.10.37
4 verbose node symlink /usr/bin/node
5 verbose cache add [ 'yo', null ]
6 verbose cache add name=undefined spec="yo" args=["yo",null]
7 verbose parsed url { protocol: null,
7 verbose parsed url   slashes: null,
7 verbose parsed url   auth: null,
7 verbose parsed url   host: null,
7 verbose parsed url   port: null,
7 verbose parsed url   hostname: null,
7 verbose parsed url   hash: null,
7 verbose parsed url   search: null,
7 verbose parsed url   query: null,
7 verbose parsed url   pathname: 'yo',
7 verbose parsed url   path: 'yo',
7 verbose parsed url   href: 'yo' }
8 silly lockFile c41975d1-yo yo
9 verbose lock yo /home/vagrant/.npm/c41975d1-yo.lock
10 silly lockFile c41975d1-yo yo
11 silly lockFile c41975d1-yo yo
12 verbose addNamed [ 'yo', '' ]
13 verbose addNamed [ null, '*' ]
14 silly lockFile d937c28e-yo yo@
15 verbose lock yo@ /home/vagrant/.npm/d937c28e-yo.lock
16 silly addNameRange { name: 'yo', range: '*', hasData: false }
17 verbose request where is /yo
18 verbose request registry https://registry.npmjs.org/
19 verbose request id 32de7d8abcac1824
20 verbose url raw /yo
21 verbose url resolving [ 'https://registry.npmjs.org/', './yo' ]
22 verbose url resolved https://registry.npmjs.org/yo
23 verbose request where is https://registry.npmjs.org/yo
24 info trying registry request attempt 1 at 16:18:02
25 verbose etag "9P3R7PNK5HMIBMIOZLRW34K6S"
26 http GET https://registry.npmjs.org/yo
27 http 304 https://registry.npmjs.org/yo
28 silly registry.get cb [ 304,
28 silly registry.get   { date: 'Thu, 07 May 2015 16:18:08 GMT',
28 silly registry.get     via: '1.1 varnish',
28 silly registry.get     'last-modified': 'Thu, 07 May 2015 16:18:08 GMT',
28 silly registry.get     'cache-control': 'max-age=60',
28 silly registry.get     etag: '"9P3R7PNK5HMIBMIOZLRW34K6S"',
28 silly registry.get     age: '42',
28 silly registry.get     connection: 'keep-alive',
28 silly registry.get     'x-served-by': 'cache-jfk1032-JFK',
28 silly registry.get     'x-cache': 'HIT',
28 silly registry.get     'x-cache-hits': '1',
28 silly registry.get     'x-timer': 'S1431015488.873608,VS0,VE0',
28 silly registry.get     vary: 'Accept' } ]
29 verbose etag https://registry.npmjs.org/yo from cache
30 silly addNameRange number 2 { name: 'yo', range: '*', hasData: true }
31 silly addNameRange versions [ 'yo',
31 silly addNameRange   [ '1.1.0',
31 silly addNameRange     '1.1.1',
31 silly addNameRange     '1.1.2',
31 silly addNameRange     '1.2.0',
31 silly addNameRange     '1.2.1',
31 silly addNameRange     '1.3.0',
31 silly addNameRange     '1.3.2',
31 silly addNameRange     '1.3.3',
31 silly addNameRange     '1.4.6' ] ]
32 verbose addNamed [ 'yo', '1.4.6' ]
33 verbose addNamed [ '1.4.6', '1.4.6' ]
34 silly lockFile 10fcef76-yo-1-4-6 yo@1.4.6
35 verbose lock yo@1.4.6 /home/vagrant/.npm/10fcef76-yo-1-4-6.lock
36 silly lockFile 10fcef76-yo-1-4-6 yo@1.4.6
37 silly lockFile 10fcef76-yo-1-4-6 yo@1.4.6
38 silly lockFile d937c28e-yo yo@
39 silly lockFile d937c28e-yo yo@
40 silly resolved [ { name: 'yo',
40 silly resolved     version: '1.4.6',
40 silly resolved     description: 'CLI tool for running Yeoman generators',
40 silly resolved     license: 'BSD',
40 silly resolved     bin: { yo: 'lib/cli.js' },
40 silly resolved     author: { name: 'Yeoman team' },
40 silly resolved     repository: { type: 'git', url: 'https://github.com/yeoman/yo' },
40 silly resolved     engines: { node: '>=0.10.0', npm: '>=2.1.0' },
40 silly resolved     scripts:
40 silly resolved      { test: 'jshint . && mocha test/**/*.js',
40 silly resolved        postinstall: 'yodoctor',
40 silly resolved        postupdate: 'yodoctor',
40 silly resolved        prepublish: 'nsp audit-package' },
40 silly resolved     files: [ 'lib' ],
40 silly resolved     keywords:
40 silly resolved      [ 'cli-app',
40 silly resolved        'cli',
40 silly resolved        'bin',
40 silly resolved        'front-end',
40 silly resolved        'development',
40 silly resolved        'dev',
40 silly resolved        'build',
40 silly resolved        'web',
40 silly resolved        'tool',
40 silly resolved        'scaffold',
40 silly resolved        'stack',
40 silly resolved        'yeoman',
40 silly resolved        'generator',
40 silly resolved        'generate',
40 silly resolved        'app',
40 silly resolved        'boilerplate' ],
40 silly resolved     dependencies:
40 silly resolved      { 'array-uniq': '^1.0.2',
40 silly resolved        async: '^0.9.0',
40 silly resolved        chalk: '^1.0.0',
40 silly resolved        configstore: '^0.3.1',
40 silly resolved        'cross-spawn': '^0.2.3',
40 silly resolved        figures: '^1.3.5',
40 silly resolved        findup: '^0.1.5',
40 silly resolved        fullname: '^1.0.0',
40 silly resolved        got: '^2.4.0',
40 silly resolved        'humanize-string': '^1.0.0',
40 silly resolved        inquirer: '^0.8.0',
40 silly resolved        insight: '^0.5.0',
40 silly resolved        lodash: '^3.2.0',
40 silly resolved        meow: '^3.0.0',
40 silly resolved        'npm-keyword': '^1.1.1',
40 silly resolved        opn: '^1.0.0',
40 silly resolved        'package-json': '^1.1.0',
40 silly resolved        'root-check': '^1.0.0',
40 silly resolved        'sort-on': '^1.0.0',
40 silly resolved        'string-length': '^1.0.0',
40 silly resolved        titleize: '^1.0.0',
40 silly resolved        'update-notifier': '^0.3.0',
40 silly resolved        'user-home': '^1.1.0',
40 silly resolved        'yeoman-character': '^1.0.0',
40 silly resolved        'yeoman-doctor': '^1.0.0',
40 silly resolved        'yeoman-environment': '^1.0.1',
40 silly resolved        yosay: '^1.0.0' },
40 silly resolved     devDependencies:
40 silly resolved      { jshint: '^2.5.11',
40 silly resolved        mocha: '^2.1.0',
40 silly resolved        mockery: '^1.4.0',
40 silly resolved        nock: '^0.59.1',
40 silly resolved        nsp: '*',
40 silly resolved        proxyquire: '^1.0.1',
40 silly resolved        'registry-url': '^3.0.0',
40 silly resolved        sinon: '^1.12.1' },
40 silly resolved     preferGlobal: true,
40 silly resolved     gitHead: '987fe12a608e7b6318c2563a6140583e796d9db5',
40 silly resolved     bugs: { url: 'https://github.com/yeoman/yo/issues' },
40 silly resolved     homepage: 'https://github.com/yeoman/yo',
40 silly resolved     _id: 'yo@1.4.6',
40 silly resolved     _shasum: '16e03e9af7be4805ef6142cdbb1d15f33504b37b',
40 silly resolved     _from: 'yo@',
40 silly resolved     _npmVersion: '1.4.28',
40 silly resolved     _npmUser: { name: 'sindresorhus', email: 'sindresorhus@gmail.com' },
40 silly resolved     maintainers: [ [Object], [Object], [Object], [Object], [Object], [Object] ],
40 silly resolved     dist:
40 silly resolved      { shasum: '16e03e9af7be4805ef6142cdbb1d15f33504b37b',
40 silly resolved        tarball: 'http://registry.npmjs.org/yo/-/yo-1.4.6.tgz' },
40 silly resolved     directories: {},
40 silly resolved     _resolved: 'https://registry.npmjs.org/yo/-/yo-1.4.6.tgz',
40 silly resolved     readme: 'ERROR: No README data found!' } ]
41 info install yo@1.4.6 into /usr/lib
42 info installOne yo@1.4.6
43 warn engine yo@1.4.6: wanted: {"node":">=0.10.0","npm":">=2.1.0"} (current: {"node":"0.10.37","npm":"1.4.28"})
44 verbose lib/node_modules/yo unbuild
45 verbose tar unpack /home/vagrant/.npm/yo/1.4.6/package.tgz
46 silly lockFile 7bedd6dc-tar-usr-lib-node-modules-yo tar:///usr/lib/node_modules/yo
47 verbose lock tar:///usr/lib/node_modules/yo /home/vagrant/.npm/7bedd6dc-tar-usr-lib-node-modules-yo.lock
48 silly lockFile ae88bc3f-vagrant-npm-yo-1-4-6-package-tgz tar:///home/vagrant/.npm/yo/1.4.6/package.tgz
49 verbose lock tar:///home/vagrant/.npm/yo/1.4.6/package.tgz /home/vagrant/.npm/ae88bc3f-vagrant-npm-yo-1-4-6-package-tgz.lock
50 silly gunzTarPerm modes [ '775', '664' ]
51 error Error: EACCES, mkdir '/usr/lib/node_modules/yo'
51 error  { [Error: EACCES, mkdir '/usr/lib/node_modules/yo']
51 error   errno: 3,
51 error   code: 'EACCES',
51 error   path: '/usr/lib/node_modules/yo',
51 error   fstream_type: 'Directory',
51 error   fstream_path: '/usr/lib/node_modules/yo',
51 error   fstream_class: 'DirWriter',
51 error   fstream_stack:
51 error    [ '/usr/lib/node_modules/npm/node_modules/fstream/lib/dir-writer.js:36:23',
51 error      '/usr/lib/node_modules/npm/node_modules/mkdirp/index.js:46:53',
51 error      'Object.oncomplete (fs.js:108:15)' ] }
52 error Please try running this command again as root/Administrator.
53 error System Linux 3.13.0-35-generic
54 error command "/usr/bin/node" "/usr/bin/npm" "install" "-g" "yo"
55 error cwd /vagrant/w12_d57_ch33_remember_the_milk
56 error node -v v0.10.37
57 error npm -v 1.4.28
58 error path /usr/lib/node_modules/yo
59 error fstream_path /usr/lib/node_modules/yo
60 error fstream_type Directory
61 error fstream_class DirWriter
62 error code EACCES
63 error errno 3
64 error stack Error: EACCES, mkdir '/usr/lib/node_modules/yo'
65 error fstream_stack /usr/lib/node_modules/npm/node_modules/fstream/lib/dir-writer.js:36:23
65 error fstream_stack /usr/lib/node_modules/npm/node_modules/mkdirp/index.js:46:53
65 error fstream_stack Object.oncomplete (fs.js:108:15)
66 verbose exit [ 3, true ]
